<?xml version="1.0" encoding="UTF-8"?>
<!-- Generated by org.testng.reporters.JUnitXMLReporter -->
<testsuite hostname="SASUPPORT13" ignored="0" name="Test" tests="3" failures="0" timestamp="09 Sep 2020 10:21:44 GMT" time="15.615" errors="0">
  <testcase name="googleSearche" time="3.928" classname="orangeHR.TestNGDemo"/>
  <testcase name="googleSearche2" time="4.0" classname="orangeHR.TestNGDemo2"/>
  <testcase name="googleSearche3" time="1.772" classname="orangeHR.TestNGDemo"/>
</testsuite> <!-- Test -->
