<?xml version="1.0" encoding="UTF-8"?>
<testng-results skipped="0" failed="0" ignored="0" total="1" passed="1">
  <reporter-output>
  </reporter-output>
  <suite name="Default suite" duration-ms="12909" started-at="2020-09-16T12:20:35Z" finished-at="2020-09-16T12:20:48Z">
    <groups>
    </groups>
    <test name="Default test" duration-ms="12909" started-at="2020-09-16T12:20:35Z" finished-at="2020-09-16T12:20:48Z">
      <class name="orangeHR.test12">
        <test-method status="PASS" signature="setUp()[pri:0, instance:orangeHR.test12@7c7b252e]" name="setUp" is-config="true" duration-ms="2670" started-at="2020-09-16T12:20:35Z" finished-at="2020-09-16T12:20:38Z">
          <reporter-output>
          </reporter-output>
        </test-method> <!-- setUp -->
        <test-method status="PASS" signature="testUntitledTestCase()[pri:0, instance:orangeHR.test12@7c7b252e]" name="testUntitledTestCase" duration-ms="9620" started-at="2020-09-16T12:20:38Z" finished-at="2020-09-16T12:20:48Z">
          <reporter-output>
          </reporter-output>
        </test-method> <!-- testUntitledTestCase -->
        <test-method status="PASS" signature="tearDown()[pri:0, instance:orangeHR.test12@7c7b252e]" name="tearDown" is-config="true" duration-ms="596" started-at="2020-09-16T12:20:48Z" finished-at="2020-09-16T12:20:48Z">
          <reporter-output>
          </reporter-output>
        </test-method> <!-- tearDown -->
      </class> <!-- orangeHR.test12 -->
    </test> <!-- Default test -->
  </suite> <!-- Default suite -->
</testng-results>
